# JRE version: Java(TM) SE Runtime Environment (8.0_91-b14) (build 1.8.0_91-b14)
# Java VM: Java HotSpot(TM) 64-Bit Server VM (25.91-b14 mixed mode windows-amd64 compressed oops)
Heap:
 PSYoungGen      total 182784K, used 15271K [0x00000000d5c00000, 0x00000000e1e80000, 0x0000000100000000)
  eden space 170496K, 8% used [0x00000000d5c00000,0x00000000d6ae9fd0,0x00000000e0280000)
  from space 12288K, 0% used [0x00000000e1280000,0x00000000e1280000,0x00000000e1e80000)
  to   space 14336K, 0% used [0x00000000e0280000,0x00000000e0280000,0x00000000e1080000)
 ParOldGen       total 109568K, used 29181K [0x0000000081400000, 0x0000000087f00000, 0x00000000d5c00000)
  object space 109568K, 26% used [0x0000000081400000,0x000000008307f498,0x0000000087f00000)
 Metaspace       used 57826K, capacity 60286K, committed 60504K, reserved 1101824K
  class space    used 7831K, capacity 8314K, committed 8320K, reserved 1048576K
GC Heap History (10 events):
Event: 11.997 GC heap before
{Heap before GC invocations=13 (full 1):
 PSYoungGen      total 99328K, used 18300K [0x00000000d5c00000, 0x00000000dee80000, 0x0000000100000000)
  eden space 89600K, 12% used [0x00000000d5c00000,0x00000000d671f1f0,0x00000000db380000)
  from space 9728K, 71% used [0x00000000db380000,0x00000000dba3ff90,0x00000000dbd00000)
  to   space 10240K, 0% used [0x00000000de480000,0x00000000de480000,0x00000000dee80000)
 ParOldGen       total 46592K, used 12763K [0x0000000081400000, 0x0000000084180000, 0x00000000d5c00000)
  object space 46592K, 27% used [0x0000000081400000,0x0000000082076ca8,0x0000000084180000)
 Metaspace       used 33805K, capacity 35352K, committed 35416K, reserved 1079296K
  class space    used 4400K, capacity 4727K, committed 4736K, reserved 1048576K
Event: 12.005 GC heap after
Heap after GC invocations=13 (full 1):
 PSYoungGen      total 139776K, used 950K [0x00000000d5c00000, 0x00000000dee80000, 0x0000000100000000)
  eden space 129536K, 0% used [0x00000000d5c00000,0x00000000d5c00000,0x00000000dda80000)
  from space 10240K, 9% used [0x00000000de480000,0x00000000de56d8f8,0x00000000dee80000)
  to   space 10240K, 0% used [0x00000000dda80000,0x00000000dda80000,0x00000000de480000)
 ParOldGen       total 46592K, used 17887K [0x0000000081400000, 0x0000000084180000, 0x00000000d5c00000)
  object space 46592K, 38% used [0x0000000081400000,0x0000000082577e10,0x0000000084180000)
 Metaspace       used 33805K, capacity 35352K, committed 35416K, reserved 1079296K
  class space    used 4400K, capacity 4727K, committed 4736K, reserved 1048576K
}
Event: 12.005 GC heap before
{Heap before GC invocations=14 (full 2):
 PSYoungGen      total 139776K, used 950K [0x00000000d5c00000, 0x00000000dee80000, 0x0000000100000000)
  eden space 129536K, 0% used [0x00000000d5c00000,0x00000000d5c00000,0x00000000dda80000)
  from space 10240K, 9% used [0x00000000de480000,0x00000000de56d8f8,0x00000000dee80000)
  to   space 10240K, 0% used [0x00000000dda80000,0x00000000dda80000,0x00000000de480000)
 ParOldGen       total 46592K, used 17887K [0x0000000081400000, 0x0000000084180000, 0x00000000d5c00000)
  object space 46592K, 38% used [0x0000000081400000,0x0000000082577e10,0x0000000084180000)
 Metaspace       used 33805K, capacity 35352K, committed 35416K, reserved 1079296K
  class space    used 4400K, capacity 4727K, committed 4736K, reserved 1048576K
Event: 12.158 GC heap after
Heap after GC invocations=14 (full 2):
 PSYoungGen      total 139776K, used 0K [0x00000000d5c00000, 0x00000000dee80000, 0x0000000100000000)
  eden space 129536K, 0% used [0x00000000d5c00000,0x00000000d5c00000,0x00000000dda80000)
  from space 10240K, 0% used [0x00000000de480000,0x00000000de480000,0x00000000dee80000)
  to   space 10240K, 0% used [0x00000000dda80000,0x00000000dda80000,0x00000000de480000)
 ParOldGen       total 76288K, used 17392K [0x0000000081400000, 0x0000000085e80000, 0x00000000d5c00000)
  object space 76288K, 22% used [0x0000000081400000,0x00000000824fc038,0x0000000085e80000)
 Metaspace       used 33805K, capacity 35352K, committed 35416K, reserved 1079296K
  class space    used 4400K, capacity 4727K, committed 4736K, reserved 1048576K
}
Event: 18.592 GC heap before
{Heap before GC invocations=15 (full 2):
 PSYoungGen      total 139776K, used 129536K [0x00000000d5c00000, 0x00000000dee80000, 0x0000000100000000)
  eden space 129536K, 100% used [0x00000000d5c00000,0x00000000dda80000,0x00000000dda80000)
  from space 10240K, 0% used [0x00000000de480000,0x00000000de480000,0x00000000dee80000)
  to   space 10240K, 0% used [0x00000000dda80000,0x00000000dda80000,0x00000000de480000)
 ParOldGen       total 76288K, used 17392K [0x0000000081400000, 0x0000000085e80000, 0x00000000d5c00000)
  object space 76288K, 22% used [0x0000000081400000,0x00000000824fc038,0x0000000085e80000)
 Metaspace       used 50670K, capacity 52502K, committed 52824K, reserved 1095680K
  class space    used 6836K, capacity 7228K, committed 7296K, reserved 1048576K
Event: 18.614 GC heap after
Heap after GC invocations=15 (full 2):
 PSYoungGen      total 139776K, used 10214K [0x00000000d5c00000, 0x00000000e2100000, 0x0000000100000000)
  eden space 129536K, 0% used [0x00000000d5c00000,0x00000000d5c00000,0x00000000dda80000)
  from space 10240K, 99% used [0x00000000dda80000,0x00000000de479a70,0x00000000de480000)
  to   space 14848K, 0% used [0x00000000e1280000,0x00000000e1280000,0x00000000e2100000)
 ParOldGen       total 76288K, used 25751K [0x0000000081400000, 0x0000000085e80000, 0x00000000d5c00000)
  object space 76288K, 33% used [0x0000000081400000,0x0000000082d25e30,0x0000000085e80000)
 Metaspace       used 50670K, capacity 52502K, committed 52824K, reserved 1095680K
  class space    used 6836K, capacity 7228K, committed 7296K, reserved 1048576K
}
Event: 21.387 GC heap before
{Heap before GC invocations=16 (full 2):
 PSYoungGen      total 139776K, used 80688K [0x00000000d5c00000, 0x00000000e2100000, 0x0000000100000000)
  eden space 129536K, 54% used [0x00000000d5c00000,0x00000000da0d2958,0x00000000dda80000)
  from space 10240K, 99% used [0x00000000dda80000,0x00000000de479a70,0x00000000de480000)
  to   space 14848K, 0% used [0x00000000e1280000,0x00000000e1280000,0x00000000e2100000)
 ParOldGen       total 76288K, used 25751K [0x0000000081400000, 0x0000000085e80000, 0x00000000d5c00000)
  object space 76288K, 33% used [0x0000000081400000,0x0000000082d25e30,0x0000000085e80000)
 Metaspace       used 56595K, capacity 58892K, committed 59028K, reserved 1099776K
  class space    used 7686K, capacity 8103K, committed 8192K, reserved 1048576K
Event: 21.419 GC heap after
Heap after GC invocations=16 (full 2):
 PSYoungGen      total 182784K, used 6886K [0x00000000d5c00000, 0x00000000e1e80000, 0x0000000100000000)
  eden space 170496K, 0% used [0x00000000d5c00000,0x00000000d5c00000,0x00000000e0280000)
  from space 12288K, 56% used [0x00000000e1280000,0x00000000e1939a30,0x00000000e1e80000)
  to   space 14336K, 0% used [0x00000000e0280000,0x00000000e0280000,0x00000000e1080000)
 ParOldGen       total 76288K, used 31913K [0x0000000081400000, 0x0000000085e80000, 0x00000000d5c00000)
  object space 76288K, 41% used [0x0000000081400000,0x000000008332a678,0x0000000085e80000)
 Metaspace       used 56595K, capacity 58892K, committed 59028K, reserved 1099776K
  class space    used 7686K, capacity 8103K, committed 8192K, reserved 1048576K
}
Event: 21.420 GC heap before
{Heap before GC invocations=17 (full 3):
 PSYoungGen      total 182784K, used 6886K [0x00000000d5c00000, 0x00000000e1e80000, 0x0000000100000000)
  eden space 170496K, 0% used [0x00000000d5c00000,0x00000000d5c00000,0x00000000e0280000)
  from space 12288K, 56% used [0x00000000e1280000,0x00000000e1939a30,0x00000000e1e80000)
  to   space 14336K, 0% used [0x00000000e0280000,0x00000000e0280000,0x00000000e1080000)
 ParOldGen       total 76288K, used 31913K [0x0000000081400000, 0x0000000085e80000, 0x00000000d5c00000)
  object space 76288K, 41% used [0x0000000081400000,0x000000008332a678,0x0000000085e80000)
 Metaspace       used 56595K, capacity 58892K, committed 59028K, reserved 1099776K
  class space    used 7686K, capacity 8103K, committed 8192K, reserved 1048576K
Event: 21.706 GC heap after
Heap after GC invocations=17 (full 3):
 PSYoungGen      total 182784K, used 0K [0x00000000d5c00000, 0x00000000e1e80000, 0x0000000100000000)
  eden space 170496K, 0% used [0x00000000d5c00000,0x00000000d5c00000,0x00000000e0280000)
  from space 12288K, 0% used [0x00000000e1280000,0x00000000e1280000,0x00000000e1e80000)
  to   space 14336K, 0% used [0x00000000e0280000,0x00000000e0280000,0x00000000e1080000)
 ParOldGen       total 109568K, used 29181K [0x0000000081400000, 0x0000000087f00000, 0x00000000d5c00000)
  object space 109568K, 26% used [0x0000000081400000,0x000000008307f498,0x0000000087f00000)
 Metaspace       used 56580K, capacity 58868K, committed 59028K, reserved 1099776K
  class space    used 7684K, capacity 8099K, committed 8192K, reserved 1048576K
}

