# JRE version: Java(TM) SE Runtime Environment (8.0_91-b14) (build 1.8.0_91-b14)
# Java VM: Java HotSpot(TM) 64-Bit Server VM (25.91-b14 mixed mode windows-amd64 compressed oops)
Heap:
 PSYoungGen      total 261120K, used 206859K [0x00000000d5c00000, 0x00000000e6980000, 0x0000000100000000)
  eden space 246784K, 83% used [0x00000000d5c00000,0x00000000e2602fc0,0x00000000e4d00000)
  from space 14336K, 0% used [0x00000000e4d00000,0x00000000e4d00000,0x00000000e5b00000)
  to   space 10240K, 0% used [0x00000000e5b00000,0x00000000e5b00000,0x00000000e6500000)
 ParOldGen       total 67072K, used 18818K [0x0000000081400000, 0x0000000085580000, 0x00000000d5c00000)
  object space 67072K, 28% used [0x0000000081400000,0x0000000082660a48,0x0000000085580000)
 Metaspace       used 56804K, capacity 59282K, committed 59440K, reserved 1099776K
  class space    used 7774K, capacity 8220K, committed 8240K, reserved 1048576K
GC Heap History (10 events):
Event: 2.500 GC heap before
{Heap before GC invocations=7 (full 1):
 PSYoungGen      total 142336K, used 4781K [0x00000000d5c00000, 0x00000000df000000, 0x0000000100000000)
  eden space 133120K, 0% used [0x00000000d5c00000,0x00000000d5c00000,0x00000000dde00000)
  from space 9216K, 51% used [0x00000000de700000,0x00000000debab450,0x00000000df000000)
  to   space 9216K, 0% used [0x00000000dde00000,0x00000000dde00000,0x00000000de700000)
 ParOldGen       total 87552K, used 5090K [0x0000000081400000, 0x0000000086980000, 0x00000000d5c00000)
  object space 87552K, 5% used [0x0000000081400000,0x00000000818f8aa8,0x0000000086980000)
 Metaspace       used 21061K, capacity 21572K, committed 21628K, reserved 1069056K
  class space    used 2700K, capacity 2846K, committed 2864K, reserved 1048576K
Event: 2.535 GC heap after
Heap after GC invocations=7 (full 1):
 PSYoungGen      total 142336K, used 0K [0x00000000d5c00000, 0x00000000df000000, 0x0000000100000000)
  eden space 133120K, 0% used [0x00000000d5c00000,0x00000000d5c00000,0x00000000dde00000)
  from space 9216K, 0% used [0x00000000de700000,0x00000000de700000,0x00000000df000000)
  to   space 9216K, 0% used [0x00000000dde00000,0x00000000dde00000,0x00000000de700000)
 ParOldGen       total 45056K, used 5221K [0x0000000081400000, 0x0000000084000000, 0x00000000d5c00000)
  object space 45056K, 11% used [0x0000000081400000,0x00000000819195e0,0x0000000084000000)
 Metaspace       used 21059K, capacity 21566K, committed 21628K, reserved 1069056K
  class space    used 2699K, capacity 2845K, committed 2864K, reserved 1048576K
}
Event: 4.406 GC heap before
{Heap before GC invocations=8 (full 1):
 PSYoungGen      total 142336K, used 133120K [0x00000000d5c00000, 0x00000000df000000, 0x0000000100000000)
  eden space 133120K, 100% used [0x00000000d5c00000,0x00000000dde00000,0x00000000dde00000)
  from space 9216K, 0% used [0x00000000de700000,0x00000000de700000,0x00000000df000000)
  to   space 9216K, 0% used [0x00000000dde00000,0x00000000dde00000,0x00000000de700000)
 ParOldGen       total 45056K, used 5221K [0x0000000081400000, 0x0000000084000000, 0x00000000d5c00000)
  object space 45056K, 11% used [0x0000000081400000,0x00000000819195e0,0x0000000084000000)
 Metaspace       used 26405K, capacity 27464K, committed 27568K, reserved 1073152K
  class space    used 3435K, capacity 3685K, committed 3760K, reserved 1048576K
Event: 4.423 GC heap after
Heap after GC invocations=8 (full 1):
 PSYoungGen      total 142336K, used 9191K [0x00000000d5c00000, 0x00000000e6500000, 0x0000000100000000)
  eden space 133120K, 0% used [0x00000000d5c00000,0x00000000d5c00000,0x00000000dde00000)
  from space 9216K, 99% used [0x00000000dde00000,0x00000000de6f9dd0,0x00000000de700000)
  to   space 10240K, 0% used [0x00000000e5b00000,0x00000000e5b00000,0x00000000e6500000)
 ParOldGen       total 45056K, used 5316K [0x0000000081400000, 0x0000000084000000, 0x00000000d5c00000)
  object space 45056K, 11% used [0x0000000081400000,0x0000000081931018,0x0000000084000000)
 Metaspace       used 26405K, capacity 27464K, committed 27568K, reserved 1073152K
  class space    used 3435K, capacity 3685K, committed 3760K, reserved 1048576K
}
Event: 6.664 GC heap before
{Heap before GC invocations=9 (full 1):
 PSYoungGen      total 142336K, used 142311K [0x00000000d5c00000, 0x00000000e6500000, 0x0000000100000000)
  eden space 133120K, 100% used [0x00000000d5c00000,0x00000000dde00000,0x00000000dde00000)
  from space 9216K, 99% used [0x00000000dde00000,0x00000000de6f9dd0,0x00000000de700000)
  to   space 10240K, 0% used [0x00000000e5b00000,0x00000000e5b00000,0x00000000e6500000)
 ParOldGen       total 45056K, used 5316K [0x0000000081400000, 0x0000000084000000, 0x00000000d5c00000)
  object space 45056K, 11% used [0x0000000081400000,0x0000000081931018,0x0000000084000000)
 Metaspace       used 33357K, capacity 34852K, committed 35120K, reserved 1079296K
  class space    used 4342K, capacity 4651K, committed 4656K, reserved 1048576K
Event: 6.689 GC heap after
Heap after GC invocations=9 (full 1):
 PSYoungGen      total 257024K, used 10208K [0x00000000d5c00000, 0x00000000e6980000, 0x0000000100000000)
  eden space 246784K, 0% used [0x00000000d5c00000,0x00000000d5c00000,0x00000000e4d00000)
  from space 10240K, 99% used [0x00000000e5b00000,0x00000000e64f82d0,0x00000000e6500000)
  to   space 14336K, 0% used [0x00000000e4d00000,0x00000000e4d00000,0x00000000e5b00000)
 ParOldGen       total 45056K, used 11378K [0x0000000081400000, 0x0000000084000000, 0x00000000d5c00000)
  object space 45056K, 25% used [0x0000000081400000,0x0000000081f1ca88,0x0000000084000000)
 Metaspace       used 33357K, capacity 34852K, committed 35120K, reserved 1079296K
  class space    used 4342K, capacity 4651K, committed 4656K, reserved 1048576K
}
Event: 7.017 GC heap before
{Heap before GC invocations=10 (full 1):
 PSYoungGen      total 257024K, used 42399K [0x00000000d5c00000, 0x00000000e6980000, 0x0000000100000000)
  eden space 246784K, 13% used [0x00000000d5c00000,0x00000000d7b6f9c8,0x00000000e4d00000)
  from space 10240K, 99% used [0x00000000e5b00000,0x00000000e64f82d0,0x00000000e6500000)
  to   space 14336K, 0% used [0x00000000e4d00000,0x00000000e4d00000,0x00000000e5b00000)
 ParOldGen       total 45056K, used 11378K [0x0000000081400000, 0x0000000084000000, 0x00000000d5c00000)
  object space 45056K, 25% used [0x0000000081400000,0x0000000081f1ca88,0x0000000084000000)
 Metaspace       used 34317K, capacity 35894K, committed 36048K, reserved 1081344K
  class space    used 4473K, capacity 4800K, committed 4912K, reserved 1048576K
Event: 7.034 GC heap after
Heap after GC invocations=10 (full 1):
 PSYoungGen      total 261120K, used 11385K [0x00000000d5c00000, 0x00000000e6980000, 0x0000000100000000)
  eden space 246784K, 0% used [0x00000000d5c00000,0x00000000d5c00000,0x00000000e4d00000)
  from space 14336K, 79% used [0x00000000e4d00000,0x00000000e581e730,0x00000000e5b00000)
  to   space 10240K, 0% used [0x00000000e5b00000,0x00000000e5b00000,0x00000000e6500000)
 ParOldGen       total 45056K, used 11386K [0x0000000081400000, 0x0000000084000000, 0x00000000d5c00000)
  object space 45056K, 25% used [0x0000000081400000,0x0000000081f1ea88,0x0000000084000000)
 Metaspace       used 34317K, capacity 35894K, committed 36048K, reserved 1081344K
  class space    used 4473K, capacity 4800K, committed 4912K, reserved 1048576K
}
Event: 7.034 GC heap before
{Heap before GC invocations=11 (full 2):
 PSYoungGen      total 261120K, used 11385K [0x00000000d5c00000, 0x00000000e6980000, 0x0000000100000000)
  eden space 246784K, 0% used [0x00000000d5c00000,0x00000000d5c00000,0x00000000e4d00000)
  from space 14336K, 79% used [0x00000000e4d00000,0x00000000e581e730,0x00000000e5b00000)
  to   space 10240K, 0% used [0x00000000e5b00000,0x00000000e5b00000,0x00000000e6500000)
 ParOldGen       total 45056K, used 11386K [0x0000000081400000, 0x0000000084000000, 0x00000000d5c00000)
  object space 45056K, 25% used [0x0000000081400000,0x0000000081f1ea88,0x0000000084000000)
 Metaspace       used 34317K, capacity 35894K, committed 36048K, reserved 1081344K
  class space    used 4473K, capacity 4800K, committed 4912K, reserved 1048576K
Event: 7.109 GC heap after
Heap after GC invocations=11 (full 2):
 PSYoungGen      total 261120K, used 0K [0x00000000d5c00000, 0x00000000e6980000, 0x0000000100000000)
  eden space 246784K, 0% used [0x00000000d5c00000,0x00000000d5c00000,0x00000000e4d00000)
  from space 14336K, 0% used [0x00000000e4d00000,0x00000000e4d00000,0x00000000e5b00000)
  to   space 10240K, 0% used [0x00000000e5b00000,0x00000000e5b00000,0x00000000e6500000)
 ParOldGen       total 67072K, used 18818K [0x0000000081400000, 0x0000000085580000, 0x00000000d5c00000)
  object space 67072K, 28% used [0x0000000081400000,0x0000000082660a48,0x0000000085580000)
 Metaspace       used 34317K, capacity 35894K, committed 36048K, reserved 1081344K
  class space    used 4473K, capacity 4800K, committed 4912K, reserved 1048576K
}

